<?xml version="1.0" encoding="UTF-8"?>
<!-- Generated by org.testng.reporters.JUnitXMLReporter -->
<testsuite ignored="1" hostname="LAPTOP-DGOD7QP8" failures="0" tests="1" name="First Test" time="0.046" errors="0" timestamp="2024-03-11T17:16:14 ICT">
  <testcase classname="Buoi13_TestNG_TestAnotation.TestAnnotation" name="testOneMethod" time="0.007"/>
  <testcase classname="Buoi13_TestNG_TestAnotation.TestAnnotation" name="testTwoMethod" time="0.0">
    <ignored/>
  </testcase> <!-- testTwoMethod -->
</testsuite> <!-- First Test -->
