<?xml version="1.0" encoding="UTF-8"?>
<!-- Generated by org.testng.reporters.JUnitXMLReporter -->
<testsuite ignored="2" hostname="LAPTOP-DGOD7QP8" failures="0" tests="1" name="Default test" time="45.121" errors="0" timestamp="2024-03-15T22:50:16 ICT">
  <testcase classname="Buoi16_Handle_Alert_PopupWindow_iFrame.HandleIframe" name="IframeNIDNWM" time="36.236"/>
  <testcase classname="Buoi16_Handle_Alert_PopupWindow_iFrame.HandleIframe" name="IframeDemoID" time="0.0">
    <ignored/>
  </testcase> <!-- IframeDemoID -->
  <testcase classname="Buoi16_Handle_Alert_PopupWindow_iFrame.HandleIframe" name="IframeMainDemo" time="0.0">
    <ignored/>
  </testcase> <!-- IframeMainDemo -->
</testsuite> <!-- Default test -->
