<?xml version="1.0" encoding="UTF-8"?>
<!-- Generated by org.testng.reporters.JUnitXMLReporter -->
<testsuite ignored="1" hostname="LAPTOP-DGOD7QP8" failures="0" tests="7" name="FirstTest" time="0.066" errors="0" timestamp="2024-03-11T12:20:00 ICT">
  <testcase classname="Buoi12_TestNG_Firstpackage.firstclass" name="firtMethod" time="0.006"/>
  <testcase classname="Buoi12_TestNG_Firstpackage.firstclass" name="secondMethod" time="0.001"/>
  <testcase classname="Buoi12_TestNG_Thirdpackage.firstclass" name="firstMethod" time="0.0"/>
  <testcase classname="Buoi12_TestNG_Thirdpackage.firstclass" name="secondMethod" time="0.001"/>
  <testcase classname="Buoi12_TestNG_Secondpackage.firstclass" name="secondMethod" time="0.002"/>
  <testcase classname="Buoi12_TestNG_Thirdpackage.secondclass" name="firstMethod" time="0.001"/>
  <testcase classname="Buoi12_TestNG_Thirdpackage.secondclass" name="secondMethod" time="0.002"/>
  <testcase classname="Buoi12_TestNG_Secondpackage.firstclass" name="firstMethod" time="0.0">
    <ignored/>
  </testcase> <!-- firstMethod -->
</testsuite> <!-- FirstTest -->
