<?xml version="1.0" encoding="UTF-8"?>
<!-- Generated by org.testng.reporters.JUnitXMLReporter -->
<testsuite ignored="1" hostname="LAPTOP-DGOD7QP8" failures="0" tests="1" name="Acions" time="13.842" errors="0" timestamp="2024-03-12T12:06:06 ICT">
  <testcase classname="Buoi15_UserInterActions.ActionsClass" name="dragAndDrop" time="3.526"/>
  <testcase classname="Buoi15_UserInterActions.ActionsClass" name="TestAction" time="0.0">
    <ignored/>
  </testcase> <!-- TestAction -->
</testsuite> <!-- Acions -->
