<?xml version="1.0" encoding="UTF-8"?>
<testng-results ignored="0" total="1" passed="1" failed="0" skipped="0">
  <reporter-output>
  </reporter-output>
  <suite started-at="2024-03-12T17:04:29 ICT" name="Default suite" finished-at="2024-03-12T17:04:41 ICT" duration-ms="11329">
    <groups>
    </groups>
    <test started-at="2024-03-12T17:04:29 ICT" name="Default test" finished-at="2024-03-12T17:04:41 ICT" duration-ms="11329">
      <class name="Buoi15_UserInterActions.RobotClass">
        <test-method is-config="true" signature="setUp()[pri:0, instance:Buoi15_UserInterActions.RobotClass@10d307f1]" started-at="2024-03-12T17:04:29 ICT" name="setUp" finished-at="2024-03-12T17:04:33 ICT" duration-ms="3524" status="PASS">
          <reporter-output>
          </reporter-output>
        </test-method> <!-- setUp -->
        <test-method signature="InputDataSearch()[pri:0, instance:Buoi15_UserInterActions.RobotClass@10d307f1]" started-at="2024-03-12T17:04:33 ICT" name="InputDataSearch" finished-at="2024-03-12T17:04:35 ICT" duration-ms="2411" status="PASS">
          <reporter-output>
          </reporter-output>
        </test-method> <!-- InputDataSearch -->
        <test-method is-config="true" signature="tearDown()[pri:0, instance:Buoi15_UserInterActions.RobotClass@10d307f1]" started-at="2024-03-12T17:04:35 ICT" name="tearDown" finished-at="2024-03-12T17:04:41 ICT" duration-ms="5348" status="PASS">
          <reporter-output>
          </reporter-output>
        </test-method> <!-- tearDown -->
      </class> <!-- Buoi15_UserInterActions.RobotClass -->
    </test> <!-- Default test -->
  </suite> <!-- Default suite -->
</testng-results>
