<?xml version="1.0" encoding="UTF-8"?>
<testng-results ignored="2" total="3" passed="1" failed="0" skipped="0">
  <reporter-output>
  </reporter-output>
  <suite started-at="2024-03-15T22:49:30 ICT" name="Default suite" finished-at="2024-03-15T22:50:16 ICT" duration-ms="45121">
    <groups>
    </groups>
    <test started-at="2024-03-15T22:49:30 ICT" name="Default test" finished-at="2024-03-15T22:50:16 ICT" duration-ms="45121">
      <class name="Buoi16_Handle_Alert_PopupWindow_iFrame.HandleIframe">
        <test-method is-config="true" signature="setUp()[pri:0, instance:Buoi16_Handle_Alert_PopupWindow_iFrame.HandleIframe@3e84448c]" started-at="2024-03-15T22:49:30 ICT" name="setUp" finished-at="2024-03-15T22:49:34 ICT" duration-ms="3536" status="PASS">
          <reporter-output>
          </reporter-output>
        </test-method> <!-- setUp -->
        <test-method signature="IframeNIDNWM()[pri:0, instance:Buoi16_Handle_Alert_PopupWindow_iFrame.HandleIframe@3e84448c]" started-at="2024-03-15T22:49:34 ICT" name="IframeNIDNWM" finished-at="2024-03-15T22:50:10 ICT" duration-ms="36236" status="PASS">
          <reporter-output>
          </reporter-output>
        </test-method> <!-- IframeNIDNWM -->
        <test-method is-config="true" signature="tearDown()[pri:0, instance:Buoi16_Handle_Alert_PopupWindow_iFrame.HandleIframe@3e84448c]" started-at="2024-03-15T22:50:10 ICT" name="tearDown" finished-at="2024-03-15T22:50:16 ICT" duration-ms="5322" status="PASS">
          <reporter-output>
          </reporter-output>
        </test-method> <!-- tearDown -->
      </class> <!-- Buoi16_Handle_Alert_PopupWindow_iFrame.HandleIframe -->
    </test> <!-- Default test -->
  </suite> <!-- Default suite -->
</testng-results>
